This is pdfTeX, Version 3.141592653-2.6-1.40.22 (TeX Live 2022/dev/Debian) (preloaded format=pdflatex 2024.10.24)  25 OCT 2024 10:29
entering extended mode
 restricted \write18 enabled.
 %&-line parsing enabled.
**latex.tex
(./latex.tex
LaTeX2e <2021-11-15> patch level 1
L3 programming layer <2022-01-21>
(/usr/share/texlive/texmf-dist/tex/latex/base/article.cls
Document Class: article 2021/10/04 v1.4n Standard LaTeX document class
(/usr/share/texlive/texmf-dist/tex/latex/base/size12.clo
File: size12.clo 2021/10/04 v1.4n Standard LaTeX file (size option)
)
\c@part=\count185
\c@section=\count186
\c@subsection=\count187
\c@subsubsection=\count188
\c@paragraph=\count189
\c@subparagraph=\count190
\c@figure=\count191
\c@table=\count192
\abovecaptionskip=\skip47
\belowcaptionskip=\skip48
\bibindent=\dimen138
)
(/usr/share/texlive/texmf-dist/tex/latex/geometry/geometry.sty
Package: geometry 2020/01/02 v5.9 Page Geometry

(/usr/share/texlive/texmf-dist/tex/latex/graphics/keyval.sty
Package: keyval 2014/10/28 v1.15 key=value parser (DPC)
\KV@toks@=\toks16
)
(/usr/share/texlive/texmf-dist/tex/generic/iftex/ifvtex.sty
Package: ifvtex 2019/10/25 v1.7 ifvtex legacy package. Use iftex instead.

(/usr/share/texlive/texmf-dist/tex/generic/iftex/iftex.sty
Package: iftex 2020/03/06 v1.0d TeX engine tests
))
\Gm@cnth=\count193
\Gm@cntv=\count194
\c@Gm@tempcnt=\count195
\Gm@bindingoffset=\dimen139
\Gm@wd@mp=\dimen140
\Gm@odd@mp=\dimen141
\Gm@even@mp=\dimen142
\Gm@layoutwidth=\dimen143
\Gm@layoutheight=\dimen144
\Gm@layouthoffset=\dimen145
\Gm@layoutvoffset=\dimen146
\Gm@dimlist=\toks17
)
(/usr/share/texlive/texmf-dist/tex/latex/listings/listings.sty
\lst@mode=\count196
\lst@gtempboxa=\box50
\lst@token=\toks18
\lst@length=\count197
\lst@currlwidth=\dimen147
\lst@column=\count198
\lst@pos=\count199
\lst@lostspace=\dimen148
\lst@width=\dimen149
\lst@newlines=\count266
\lst@lineno=\count267
\lst@maxwidth=\dimen150

(/usr/share/texlive/texmf-dist/tex/latex/listings/lstmisc.sty
File: lstmisc.sty 2020/03/24 1.8d (Carsten Heinz)
\c@lstnumber=\count268
\lst@skipnumbers=\count269
\lst@framebox=\box51
)
(/usr/share/texlive/texmf-dist/tex/latex/listings/listings.cfg
File: listings.cfg 2020/03/24 1.8d listings configuration
))
Package: listings 2020/03/24 1.8d (Carsten Heinz)

(/usr/share/texlive/texmf-dist/tex/latex/graphics/color.sty
Package: color 2021/12/07 v1.3c Standard LaTeX Color (DPC)

(/usr/share/texlive/texmf-dist/tex/latex/graphics-cfg/color.cfg
File: color.cfg 2016/01/02 v1.6 sample color configuration
)
Package color Info: Driver file: pdftex.def on input line 149.

(/usr/share/texlive/texmf-dist/tex/latex/graphics-def/pdftex.def
File: pdftex.def 2020/10/05 v1.2a Graphics/color driver for pdftex
))
(/usr/share/texlive/texmf-dist/tex/latex/graphics/graphicx.sty
Package: graphicx 2021/09/16 v1.2d Enhanced LaTeX Graphics (DPC,SPQR)

(/usr/share/texlive/texmf-dist/tex/latex/graphics/graphics.sty
Package: graphics 2021/03/04 v1.4d Standard LaTeX Graphics (DPC,SPQR)

(/usr/share/texlive/texmf-dist/tex/latex/graphics/trig.sty
Package: trig 2021/08/11 v1.11 sin cos tan (DPC)
)
(/usr/share/texlive/texmf-dist/tex/latex/graphics-cfg/graphics.cfg
File: graphics.cfg 2016/06/04 v1.11 sample graphics configuration
)
Package graphics Info: Driver file: pdftex.def on input line 107.
)
\Gin@req@height=\dimen151
\Gin@req@width=\dimen152
)
(/usr/share/texlive/texmf-dist/tex/latex/hyperref/hyperref.sty
Package: hyperref 2021-06-07 v7.00m Hypertext links for LaTeX

(/usr/share/texlive/texmf-dist/tex/generic/ltxcmds/ltxcmds.sty
Package: ltxcmds 2020-05-10 v1.25 LaTeX kernel commands for general use (HO)
)
(/usr/share/texlive/texmf-dist/tex/generic/pdftexcmds/pdftexcmds.sty
Package: pdftexcmds 2020-06-27 v0.33 Utility functions of pdfTeX for LuaTeX (HO
)

(/usr/share/texlive/texmf-dist/tex/generic/infwarerr/infwarerr.sty
Package: infwarerr 2019/12/03 v1.5 Providing info/warning/error messages (HO)
)
Package pdftexcmds Info: \pdf@primitive is available.
Package pdftexcmds Info: \pdf@ifprimitive is available.
Package pdftexcmds Info: \pdfdraftmode found.
)
(/usr/share/texlive/texmf-dist/tex/generic/kvsetkeys/kvsetkeys.sty
Package: kvsetkeys 2019/12/15 v1.18 Key value parser (HO)
)
(/usr/share/texlive/texmf-dist/tex/generic/kvdefinekeys/kvdefinekeys.sty
Package: kvdefinekeys 2019-12-19 v1.6 Define keys (HO)
)
(/usr/share/texlive/texmf-dist/tex/generic/pdfescape/pdfescape.sty
Package: pdfescape 2019/12/09 v1.15 Implements pdfTeX's escape features (HO)
)
(/usr/share/texlive/texmf-dist/tex/latex/hycolor/hycolor.sty
Package: hycolor 2020-01-27 v1.10 Color options for hyperref/bookmark (HO)
)
(/usr/share/texlive/texmf-dist/tex/latex/letltxmacro/letltxmacro.sty
Package: letltxmacro 2019/12/03 v1.6 Let assignment for LaTeX macros (HO)
)
(/usr/share/texlive/texmf-dist/tex/latex/auxhook/auxhook.sty
Package: auxhook 2019-12-17 v1.6 Hooks for auxiliary files (HO)
)
(/usr/share/texlive/texmf-dist/tex/latex/kvoptions/kvoptions.sty
Package: kvoptions 2020-10-07 v3.14 Key value format for package options (HO)
)
\@linkdim=\dimen153
\Hy@linkcounter=\count270
\Hy@pagecounter=\count271

(/usr/share/texlive/texmf-dist/tex/latex/hyperref/pd1enc.def
File: pd1enc.def 2021-06-07 v7.00m Hyperref: PDFDocEncoding definition (HO)
Now handling font encoding PD1 ...
... no UTF-8 mapping file for font encoding PD1
)
(/usr/share/texlive/texmf-dist/tex/latex/hyperref/hyperref-langpatches.def
File: hyperref-langpatches.def 2021-06-07 v7.00m Hyperref: patches for babel la
nguages
)
(/usr/share/texlive/texmf-dist/tex/generic/intcalc/intcalc.sty
Package: intcalc 2019/12/15 v1.3 Expandable calculations with integers (HO)
)
(/usr/share/texlive/texmf-dist/tex/generic/etexcmds/etexcmds.sty
Package: etexcmds 2019/12/15 v1.7 Avoid name clashes with e-TeX commands (HO)
)
\Hy@SavedSpaceFactor=\count272

(/usr/share/texlive/texmf-dist/tex/latex/hyperref/puenc.def
File: puenc.def 2021-06-07 v7.00m Hyperref: PDF Unicode definition (HO)
Now handling font encoding PU ...
... no UTF-8 mapping file for font encoding PU
)
Package hyperref Info: Hyper figures OFF on input line 4192.
Package hyperref Info: Link nesting OFF on input line 4197.
Package hyperref Info: Hyper index ON on input line 4200.
Package hyperref Info: Plain pages OFF on input line 4207.
Package hyperref Info: Backreferencing OFF on input line 4212.
Package hyperref Info: Implicit mode ON; LaTeX internals redefined.
Package hyperref Info: Bookmarks ON on input line 4445.
\c@Hy@tempcnt=\count273

(/usr/share/texlive/texmf-dist/tex/latex/url/url.sty
\Urlmuskip=\muskip16
Package: url 2013/09/16  ver 3.4  Verb mode for urls, etc.
)
LaTeX Info: Redefining \url on input line 4804.
\XeTeXLinkMargin=\dimen154

(/usr/share/texlive/texmf-dist/tex/generic/bitset/bitset.sty
Package: bitset 2019/12/09 v1.3 Handle bit-vector datatype (HO)

(/usr/share/texlive/texmf-dist/tex/generic/bigintcalc/bigintcalc.sty
Package: bigintcalc 2019/12/15 v1.5 Expandable calculations on big integers (HO
)
))
\Fld@menulength=\count274
\Field@Width=\dimen155
\Fld@charsize=\dimen156
Package hyperref Info: Hyper figures OFF on input line 6076.
Package hyperref Info: Link nesting OFF on input line 6081.
Package hyperref Info: Hyper index ON on input line 6084.
Package hyperref Info: backreferencing OFF on input line 6091.
Package hyperref Info: Link coloring OFF on input line 6096.
Package hyperref Info: Link coloring with OCG OFF on input line 6101.
Package hyperref Info: PDF/A mode OFF on input line 6106.
LaTeX Info: Redefining \ref on input line 6146.
LaTeX Info: Redefining \pageref on input line 6150.

(/usr/share/texlive/texmf-dist/tex/latex/base/atbegshi-ltx.sty
Package: atbegshi-ltx 2021/01/10 v1.0c Emulation of the original atbegshi
package with kernel methods
)
\Hy@abspage=\count275
\c@Item=\count276
\c@Hfootnote=\count277
)
Package hyperref Info: Driver (autodetected): hpdftex.

(/usr/share/texlive/texmf-dist/tex/latex/hyperref/hpdftex.def
File: hpdftex.def 2021-06-07 v7.00m Hyperref driver for pdfTeX

(/usr/share/texlive/texmf-dist/tex/latex/base/atveryend-ltx.sty
Package: atveryend-ltx 2020/08/19 v1.0a Emulation of the original atveryend pac
kage
with kernel methods
)
\Fld@listcount=\count278
\c@bookmark@seq@number=\count279

(/usr/share/texlive/texmf-dist/tex/latex/rerunfilecheck/rerunfilecheck.sty
Package: rerunfilecheck 2019/12/05 v1.9 Rerun checks for auxiliary files (HO)

(/usr/share/texlive/texmf-dist/tex/generic/uniquecounter/uniquecounter.sty
Package: uniquecounter 2019/12/15 v1.4 Provide unlimited unique counter (HO)
)
Package uniquecounter Info: New unique counter `rerunfilecheck' on input line 2
86.
)
\Hy@SectionHShift=\skip49
)
(/usr/share/texlive/texmf-dist/tex/latex/fancyhdr/fancyhdr.sty
Package: fancyhdr 2021/01/28 v4.0.1 Extensive control of page headers and foote
rs
\f@nch@headwidth=\skip50
\f@nch@O@elh=\skip51
\f@nch@O@erh=\skip52
\f@nch@O@olh=\skip53
\f@nch@O@orh=\skip54
\f@nch@O@elf=\skip55
\f@nch@O@erf=\skip56
\f@nch@O@olf=\skip57
\f@nch@O@orf=\skip58
)
(/usr/share/texlive/texmf-dist/tex/latex/amsmath/amsmath.sty
Package: amsmath 2021/10/15 v2.17l AMS math features
\@mathmargin=\skip59

For additional information on amsmath, use the `?' option.
(/usr/share/texlive/texmf-dist/tex/latex/amsmath/amstext.sty
Package: amstext 2021/08/26 v2.01 AMS text

(/usr/share/texlive/texmf-dist/tex/latex/amsmath/amsgen.sty
File: amsgen.sty 1999/11/30 v2.0 generic functions
\@emptytoks=\toks19
\ex@=\dimen157
))
(/usr/share/texlive/texmf-dist/tex/latex/amsmath/amsbsy.sty
Package: amsbsy 1999/11/29 v1.2d Bold Symbols
\pmbraise@=\dimen158
)
(/usr/share/texlive/texmf-dist/tex/latex/amsmath/amsopn.sty
Package: amsopn 2021/08/26 v2.02 operator names
)
\inf@bad=\count280
LaTeX Info: Redefining \frac on input line 234.
\uproot@=\count281
\leftroot@=\count282
LaTeX Info: Redefining \overline on input line 399.
\classnum@=\count283
\DOTSCASE@=\count284
LaTeX Info: Redefining \ldots on input line 496.
LaTeX Info: Redefining \dots on input line 499.
LaTeX Info: Redefining \cdots on input line 620.
\Mathstrutbox@=\box52
\strutbox@=\box53
\big@size=\dimen159
LaTeX Font Info:    Redeclaring font encoding OML on input line 743.
LaTeX Font Info:    Redeclaring font encoding OMS on input line 744.
\macc@depth=\count285
\c@MaxMatrixCols=\count286
\dotsspace@=\muskip17
\c@parentequation=\count287
\dspbrk@lvl=\count288
\tag@help=\toks20
\row@=\count289
\column@=\count290
\maxfields@=\count291
\andhelp@=\toks21
\eqnshift@=\dimen160
\alignsep@=\dimen161
\tagshift@=\dimen162
\tagwidth@=\dimen163
\totwidth@=\dimen164
\lineht@=\dimen165
\@envbody=\toks22
\multlinegap=\skip60
\multlinetaggap=\skip61
\mathdisplay@stack=\toks23
LaTeX Info: Redefining \[ on input line 2938.
LaTeX Info: Redefining \] on input line 2939.
)
(/usr/share/texlive/texmf-dist/tex/latex/float/float.sty
Package: float 2001/11/08 v1.3d Float enhancements (AL)
\c@float@type=\count292
\float@exts=\toks24
\float@box=\box54
\@float@everytoks=\toks25
\@floatcapt=\box55
)
(/usr/share/texlive/texmf-dist/tex/latex/l3backend/l3backend-pdftex.def
File: l3backend-pdftex.def 2022-01-12 L3 backend support: PDF output (pdfTeX)
\l__color_backend_stack_int=\count293
\l__pdf_internal_box=\box56
)
(./latex.aux)
\openout1 = `latex.aux'.

LaTeX Font Info:    Checking defaults for OML/cmm/m/it on input line 68.
LaTeX Font Info:    ... okay on input line 68.
LaTeX Font Info:    Checking defaults for OMS/cmsy/m/n on input line 68.
LaTeX Font Info:    ... okay on input line 68.
LaTeX Font Info:    Checking defaults for OT1/cmr/m/n on input line 68.
LaTeX Font Info:    ... okay on input line 68.
LaTeX Font Info:    Checking defaults for T1/cmr/m/n on input line 68.
LaTeX Font Info:    ... okay on input line 68.
LaTeX Font Info:    Checking defaults for TS1/cmr/m/n on input line 68.
LaTeX Font Info:    ... okay on input line 68.
LaTeX Font Info:    Checking defaults for OMX/cmex/m/n on input line 68.
LaTeX Font Info:    ... okay on input line 68.
LaTeX Font Info:    Checking defaults for U/cmr/m/n on input line 68.
LaTeX Font Info:    ... okay on input line 68.
LaTeX Font Info:    Checking defaults for PD1/pdf/m/n on input line 68.
LaTeX Font Info:    ... okay on input line 68.
LaTeX Font Info:    Checking defaults for PU/pdf/m/n on input line 68.
LaTeX Font Info:    ... okay on input line 68.

*geometry* driver: auto-detecting
*geometry* detected driver: pdftex
*geometry* verbose mode - [ preamble ] result:
* driver: pdftex
* paper: <default>
* layout: <same size as paper>
* layoutoffset:(h,v)=(0.0pt,0.0pt)
* modes: 
* h-part:(L,W,R)=(92.14519pt, 430.00462pt, 92.14519pt)
* v-part:(T,H,B)=(95.39737pt, 556.47656pt, 143.09605pt)
* \paperwidth=614.295pt
* \paperheight=794.96999pt
* \textwidth=430.00462pt
* \textheight=556.47656pt
* \oddsidemargin=19.8752pt
* \evensidemargin=19.8752pt
* \topmargin=-13.87262pt
* \headheight=12.0pt
* \headsep=25.0pt
* \topskip=12.0pt
* \footskip=30.0pt
* \marginparwidth=44.0pt
* \marginparsep=10.0pt
* \columnsep=10.0pt
* \skip\footins=10.8pt plus 4.0pt minus 2.0pt
* \hoffset=0.0pt
* \voffset=0.0pt
* \mag=1000
* \@twocolumnfalse
* \@twosidefalse
* \@mparswitchfalse
* \@reversemarginfalse
* (1in=72.27pt=25.4mm, 1cm=28.453pt)

\c@lstlisting=\count294
(/usr/share/texlive/texmf-dist/tex/context/base/mkii/supp-pdf.mkii
[Loading MPS to PDF converter (version 2006.09.02).]
\scratchcounter=\count295
\scratchdimen=\dimen166
\scratchbox=\box57
\nofMPsegments=\count296
\nofMParguments=\count297
\everyMPshowfont=\toks26
\MPscratchCnt=\count298
\MPscratchDim=\dimen167
\MPnumerator=\count299
\makeMPintoPDFobject=\count300
\everyMPtoPDFconversion=\toks27
) (/usr/share/texlive/texmf-dist/tex/latex/epstopdf-pkg/epstopdf-base.sty
Package: epstopdf-base 2020-01-24 v2.11 Base part for package epstopdf
Package epstopdf-base Info: Redefining graphics rule for `.eps' on input line 4
85.

(/usr/share/texlive/texmf-dist/tex/latex/latexconfig/epstopdf-sys.cfg
File: epstopdf-sys.cfg 2010/07/13 v1.3 Configuration of (r)epstopdf for TeX Liv
e
))
Package hyperref Info: Link coloring OFF on input line 68.

(/usr/share/texlive/texmf-dist/tex/latex/hyperref/nameref.sty
Package: nameref 2021-04-02 v2.47 Cross-referencing by name of section

(/usr/share/texlive/texmf-dist/tex/latex/refcount/refcount.sty
Package: refcount 2019/12/15 v3.6 Data extraction from label references (HO)
)
(/usr/share/texlive/texmf-dist/tex/generic/gettitlestring/gettitlestring.sty
Package: gettitlestring 2019/12/15 v1.6 Cleanup title references (HO)
)
\c@section@level=\count301
)
LaTeX Info: Redefining \ref on input line 68.
LaTeX Info: Redefining \pageref on input line 68.
LaTeX Info: Redefining \nameref on input line 68.

(./latex.out) (./latex.out)
\@outlinefile=\write3
\openout3 = `latex.out'.

<../../../../../../home/shafeenyousafzai/Pictures/Screenshots/Screenshot from 2
024-10-25 08-47-38.png, id=52, 737.75626pt x 483.8075pt>
File: ../../../../../../home/shafeenyousafzai/Pictures/Screenshots/Screenshot f
rom 2024-10-25 08-47-38.png Graphic file (type png)
<use ../../../../../../home/shafeenyousafzai/Pictures/Screenshots/Screenshot fr
om 2024-10-25 08-47-38.png>
Package pdftex.def Info: ../../../../../../home/shafeenyousafzai/Pictures/Scree
nshots/Screenshot from 2024-10-25 08-47-38.png  used on input line 76.
(pdftex.def)             Requested size: 301.00192pt x 197.3879pt.
<../../../../../../home/shafeenyousafzai/Pictures/Screenshots/Screenshot from 2
024-10-25 08-47-58.png, id=54, 737.75626pt x 483.8075pt>
File: ../../../../../../home/shafeenyousafzai/Pictures/Screenshots/Screenshot f
rom 2024-10-25 08-47-58.png Graphic file (type png)
<use ../../../../../../home/shafeenyousafzai/Pictures/Screenshots/Screenshot fr
om 2024-10-25 08-47-58.png>
Package pdftex.def Info: ../../../../../../home/shafeenyousafzai/Pictures/Scree
nshots/Screenshot from 2024-10-25 08-47-58.png  used on input line 82.
(pdftex.def)             Requested size: 301.00192pt x 197.3879pt.
<../../../../../../home/shafeenyousafzai/Pictures/Screenshots/Screenshot from 2
024-10-25 08-48-08.png, id=55, 737.75626pt x 261.97874pt>
File: ../../../../../../home/shafeenyousafzai/Pictures/Screenshots/Screenshot f
rom 2024-10-25 08-48-08.png Graphic file (type png)
<use ../../../../../../home/shafeenyousafzai/Pictures/Screenshots/Screenshot fr
om 2024-10-25 08-48-08.png>
Package pdftex.def Info: ../../../../../../home/shafeenyousafzai/Pictures/Scree
nshots/Screenshot from 2024-10-25 08-48-08.png  used on input line 88.
(pdftex.def)             Requested size: 301.00192pt x 106.88431pt.


Package fancyhdr Warning: \headheight is too small (12.0pt): 
(fancyhdr)                Make it at least 14.49998pt, for example:
(fancyhdr)                \setlength{\headheight}{14.49998pt}.
(fancyhdr)                You might also make \topmargin smaller to compensate:

(fancyhdr)                \addtolength{\topmargin}{-2.49998pt}.

[1{/var/lib/texmf/fonts/map/pdftex/updmap/pdftex.map}

pdfTeX warning (ext4): destination with the same identifier (name{figure.1}) ha
s been already used, duplicate ignored
<argument> ...shipout:D \box_use:N \l_shipout_box 
                                                  \__shipout_drop_firstpage_...
l.92 
     pdfTeX warning (ext4): destination with the same identifier (name{figure.2
}) has been already used, duplicate ignored
<argument> ...shipout:D \box_use:N \l_shipout_box 
                                                  \__shipout_drop_firstpage_...
l.92 
      <../../../../../../home/shafeenyousafzai/Pictures/Screenshots/Screenshot 
from 2024-10-25 08-47-38.png> <../../../../../../home/shafeenyousafzai/Pictures
/Screenshots/Screenshot from 2024-10-25 08-47-58.png>]
<../../../../../../home/shafeenyousafzai/Pictures/Screenshots/Screenshot from 2
024-10-25 09-03-53.png, id=67, 732.7375pt x 297.11pt>
File: ../../../../../../home/shafeenyousafzai/Pictures/Screenshots/Screenshot f
rom 2024-10-25 09-03-53.png Graphic file (type png)
<use ../../../../../../home/shafeenyousafzai/Pictures/Screenshots/Screenshot fr
om 2024-10-25 09-03-53.png>
Package pdftex.def Info: ../../../../../../home/shafeenyousafzai/Pictures/Scree
nshots/Screenshot from 2024-10-25 09-03-53.png  used on input line 105.
(pdftex.def)             Requested size: 301.00192pt x 122.05162pt.
<../../../../../../home/shafeenyousafzai/Pictures/Screenshots/Screenshot from 2
024-10-25 09-06-33.png, id=68, 595.22375pt x 75.28125pt>
File: ../../../../../../home/shafeenyousafzai/Pictures/Screenshots/Screenshot f
rom 2024-10-25 09-06-33.png Graphic file (type png)
<use ../../../../../../home/shafeenyousafzai/Pictures/Screenshots/Screenshot fr
om 2024-10-25 09-06-33.png>
Package pdftex.def Info: ../../../../../../home/shafeenyousafzai/Pictures/Scree
nshots/Screenshot from 2024-10-25 09-06-33.png  used on input line 111.
(pdftex.def)             Requested size: 301.00192pt x 38.06898pt.
<../../../../../../home/shafeenyousafzai/Pictures/Screenshots/Screenshot from 2
024-10-25 09-07-00.png, id=69, 729.72626pt x 154.5775pt>
File: ../../../../../../home/shafeenyousafzai/Pictures/Screenshots/Screenshot f
rom 2024-10-25 09-07-00.png Graphic file (type png)
<use ../../../../../../home/shafeenyousafzai/Pictures/Screenshots/Screenshot fr
om 2024-10-25 09-07-00.png>
Package pdftex.def Info: ../../../../../../home/shafeenyousafzai/Pictures/Scree
nshots/Screenshot from 2024-10-25 09-07-00.png  used on input line 117.
(pdftex.def)             Requested size: 301.00192pt x 63.75928pt.


Package fancyhdr Warning: \headheight is too small (12.0pt): 
(fancyhdr)                Make it at least 14.49998pt, for example:
(fancyhdr)                \setlength{\headheight}{14.49998pt}.
(fancyhdr)                You might also make \topmargin smaller to compensate:

(fancyhdr)                \addtolength{\topmargin}{-2.49998pt}.

[2pdfTeX warning (ext4): destination with the same identifier (name{figure.3}) 
has been already used, duplicate ignored
<argument> ...shipout:D \box_use:N \l_shipout_box 
                                                  \__shipout_drop_firstpage_...
l.120 	\end{figure}
                   pdfTeX warning (ext4): destination with the same identifier 
(name{figure.4}) has been already used, duplicate ignored
<argument> ...shipout:D \box_use:N \l_shipout_box 
                                                  \__shipout_drop_firstpage_...
l.120 	\end{figure}
                    <../../../../../../home/shafeenyousafzai/Pictures/Screensho
ts/Screenshot from 2024-10-25 08-48-08.png> <../../../../../../home/shafeenyous
afzai/Pictures/Screenshots/Screenshot from 2024-10-25 09-03-53.png>]

Package hyperref Warning: Token not allowed in a PDF string (Unicode):
(hyperref)                removing `\\' on input line 121.

(/usr/share/texlive/texmf-dist/tex/latex/listings/lstlang1.sty
File: lstlang1.sty 2020/03/24 1.8d listings language file
)
(/usr/share/texlive/texmf-dist/tex/latex/listings/lstmisc.sty
File: lstmisc.sty 2020/03/24 1.8d (Carsten Heinz)
)
<../../../../../../home/shafeenyousafzai/Pictures/Screenshots/Screenshot from 2
024-10-25 09-17-46.png, id=78, 722.7pt x 392.46625pt>
File: ../../../../../../home/shafeenyousafzai/Pictures/Screenshots/Screenshot f
rom 2024-10-25 09-17-46.png Graphic file (type png)
<use ../../../../../../home/shafeenyousafzai/Pictures/Screenshots/Screenshot fr
om 2024-10-25 09-17-46.png>
Package pdftex.def Info: ../../../../../../home/shafeenyousafzai/Pictures/Scree
nshots/Screenshot from 2024-10-25 09-17-46.png  used on input line 148.
(pdftex.def)             Requested size: 301.00192pt x 163.45732pt.
<../../../../../../home/shafeenyousafzai/Pictures/Screenshots/Screenshot from 2
024-10-25 09-17-51.png, id=79, 712.6625pt x 175.65625pt>
File: ../../../../../../home/shafeenyousafzai/Pictures/Screenshots/Screenshot f
rom 2024-10-25 09-17-51.png Graphic file (type png)
<use ../../../../../../home/shafeenyousafzai/Pictures/Screenshots/Screenshot fr
om 2024-10-25 09-17-51.png>
Package pdftex.def Info: ../../../../../../home/shafeenyousafzai/Pictures/Scree
nshots/Screenshot from 2024-10-25 09-17-51.png  used on input line 154.
(pdftex.def)             Requested size: 301.00192pt x 74.19055pt.


Package fancyhdr Warning: \headheight is too small (12.0pt): 
(fancyhdr)                Make it at least 14.49998pt, for example:
(fancyhdr)                \setlength{\headheight}{14.49998pt}.
(fancyhdr)                You might also make \topmargin smaller to compensate:

(fancyhdr)                \addtolength{\topmargin}{-2.49998pt}.

[3pdfTeX warning (ext4): destination with the same identifier (name{figure.5}) 
has been already used, duplicate ignored
<argument> ...shipout:D \box_use:N \l_shipout_box 
                                                  \__shipout_drop_firstpage_...
l.157 \end{figure}
                  pdfTeX warning (ext4): destination with the same identifier (
name{figure.6}) has been already used, duplicate ignored
<argument> ...shipout:D \box_use:N \l_shipout_box 
                                                  \__shipout_drop_firstpage_...
l.157 \end{figure}
                   <../../../../../../home/shafeenyousafzai/Pictures/Screenshot
s/Screenshot from 2024-10-25 09-06-33.png> <../../../../../../home/shafeenyousa
fzai/Pictures/Screenshots/Screenshot from 2024-10-25 09-07-00.png>]
<../../../../../../home/shafeenyousafzai/Pictures/Screenshots/Screenshot from 2
024-10-25 09-26-06.png, id=111, 717.68124pt x 390.45876pt>
File: ../../../../../../home/shafeenyousafzai/Pictures/Screenshots/Screenshot f
rom 2024-10-25 09-26-06.png Graphic file (type png)
<use ../../../../../../home/shafeenyousafzai/Pictures/Screenshots/Screenshot fr
om 2024-10-25 09-26-06.png>
Package pdftex.def Info: ../../../../../../home/shafeenyousafzai/Pictures/Scree
nshots/Screenshot from 2024-10-25 09-26-06.png  used on input line 161.
(pdftex.def)             Requested size: 301.00192pt x 163.76515pt.
<../../../../../../home/shafeenyousafzai/Pictures/Screenshots/Screenshot from 2
024-10-25 09-26-11.png, id=112, 710.655pt x 145.54375pt>
File: ../../../../../../home/shafeenyousafzai/Pictures/Screenshots/Screenshot f
rom 2024-10-25 09-26-11.png Graphic file (type png)
<use ../../../../../../home/shafeenyousafzai/Pictures/Screenshots/Screenshot fr
om 2024-10-25 09-26-11.png>
Package pdftex.def Info: ../../../../../../home/shafeenyousafzai/Pictures/Scree
nshots/Screenshot from 2024-10-25 09-26-11.png  used on input line 167.
(pdftex.def)             Requested size: 301.00192pt x 61.64761pt.


Package fancyhdr Warning: \headheight is too small (12.0pt): 
(fancyhdr)                Make it at least 14.49998pt, for example:
(fancyhdr)                \setlength{\headheight}{14.49998pt}.
(fancyhdr)                You might also make \topmargin smaller to compensate:

(fancyhdr)                \addtolength{\topmargin}{-2.49998pt}.

[4pdfTeX warning (ext4): destination with the same identifier (name{figure.7}) 
has been already used, duplicate ignored
<argument> ...shipout:D \box_use:N \l_shipout_box 
                                                  \__shipout_drop_firstpage_...
l.171 \section
              {5.1.5.1 Exercise}pdfTeX warning (ext4): destination with the sam
e identifier (name{figure.8}) has been already used, duplicate ignored
<argument> ...shipout:D \box_use:N \l_shipout_box 
                                                  \__shipout_drop_firstpage_...
l.171 \section
              {5.1.5.1 Exercise}pdfTeX warning (ext4): destination with the sam
e identifier (name{figure.9}) has been already used, duplicate ignored
<argument> ...shipout:D \box_use:N \l_shipout_box 
                                                  \__shipout_drop_firstpage_...
l.171 \section
              {5.1.5.1 Exercise} <../../../../../../home/shafeenyousafzai/Pictu
res/Screenshots/Screenshot from 2024-10-25 09-17-46.png> <../../../../../../hom
e/shafeenyousafzai/Pictures/Screenshots/Screenshot from 2024-10-25 09-17-51.png
> <../../../../../../home/shafeenyousafzai/Pictures/Screenshots/Screenshot from
 2024-10-25 09-26-06.png>]

Package fancyhdr Warning: \headheight is too small (12.0pt): 
(fancyhdr)                Make it at least 14.49998pt, for example:
(fancyhdr)                \setlength{\headheight}{14.49998pt}.
(fancyhdr)                You might also make \topmargin smaller to compensate:

(fancyhdr)                \addtolength{\topmargin}{-2.49998pt}.

[5pdfTeX warning (ext4): destination with the same identifier (name{figure.10})
 has been already used, duplicate ignored
<argument> ...shipout:D \box_use:N \l_shipout_box 
                                                  \__shipout_drop_firstpage_...
l.207 	
       	kill(getppid(),15); //9 <../../../../../../home/shafeenyousafzai/Pictur
es/Screenshots/Screenshot from 2024-10-25 09-26-11.png>]
<../../../../../../home/shafeenyousafzai/Pictures/Screenshots/Screenshot from 2
024-10-25 10-00-02.png, id=161, 1398.22375pt x 734.745pt>
File: ../../../../../../home/shafeenyousafzai/Pictures/Screenshots/Screenshot f
rom 2024-10-25 10-00-02.png Graphic file (type png)
<use ../../../../../../home/shafeenyousafzai/Pictures/Screenshots/Screenshot fr
om 2024-10-25 10-00-02.png>
Package pdftex.def Info: ../../../../../../home/shafeenyousafzai/Pictures/Scree
nshots/Screenshot from 2024-10-25 10-00-02.png  used on input line 218.
(pdftex.def)             Requested size: 301.00192pt x 158.16888pt.
<../../../../../../home/shafeenyousafzai/Pictures/Screenshots/Screenshot from 2
024-10-25 10-00-08.png, id=162, 1362.08875pt x 329.23pt>
File: ../../../../../../home/shafeenyousafzai/Pictures/Screenshots/Screenshot f
rom 2024-10-25 10-00-08.png Graphic file (type png)
<use ../../../../../../home/shafeenyousafzai/Pictures/Screenshots/Screenshot fr
om 2024-10-25 10-00-08.png>
Package pdftex.def Info: ../../../../../../home/shafeenyousafzai/Pictures/Scree
nshots/Screenshot from 2024-10-25 10-00-08.png  used on input line 224.
(pdftex.def)             Requested size: 301.00192pt x 72.75233pt.


Package fancyhdr Warning: \headheight is too small (12.0pt): 
(fancyhdr)                Make it at least 14.49998pt, for example:
(fancyhdr)                \setlength{\headheight}{14.49998pt}.
(fancyhdr)                You might also make \topmargin smaller to compensate:

(fancyhdr)                \addtolength{\topmargin}{-2.49998pt}.

[6pdfTeX warning (ext4): destination with the same identifier (name{figure.11})
 has been already used, duplicate ignored
<argument> ...shipout:D \box_use:N \l_shipout_box 
                                                  \__shipout_drop_firstpage_...
l.237 #
       include<unistd.h>pdfTeX warning (ext4): destination with the same identi
fier (name{figure.12}) has been already used, duplicate ignored
<argument> ...shipout:D \box_use:N \l_shipout_box 
                                                  \__shipout_drop_firstpage_...
l.237 #
       include<unistd.h> <../../../../../../home/shafeenyousafzai/Pictures/Scre
enshots/Screenshot from 2024-10-25 10-00-02.png> <../../../../../../home/shafee
nyousafzai/Pictures/Screenshots/Screenshot from 2024-10-25 10-00-08.png>]
<../../../../../../home/shafeenyousafzai/Pictures/Screenshots/Screenshot from 2
024-10-25 10-08-12.png, id=180, 1433.355pt x 764.8575pt>
File: ../../../../../../home/shafeenyousafzai/Pictures/Screenshots/Screenshot f
rom 2024-10-25 10-08-12.png Graphic file (type png)
<use ../../../../../../home/shafeenyousafzai/Pictures/Screenshots/Screenshot fr
om 2024-10-25 10-08-12.png>
Package pdftex.def Info: ../../../../../../home/shafeenyousafzai/Pictures/Scree
nshots/Screenshot from 2024-10-25 10-08-12.png  used on input line 279.
(pdftex.def)             Requested size: 301.00192pt x 160.61314pt.
<../../../../../../home/shafeenyousafzai/Pictures/Screenshots/Screenshot from 2
024-10-25 10-08-18.png, id=181, 1347.0325pt x 336.25626pt>
File: ../../../../../../home/shafeenyousafzai/Pictures/Screenshots/Screenshot f
rom 2024-10-25 10-08-18.png Graphic file (type png)
<use ../../../../../../home/shafeenyousafzai/Pictures/Screenshots/Screenshot fr
om 2024-10-25 10-08-18.png>
Package pdftex.def Info: ../../../../../../home/shafeenyousafzai/Pictures/Scree
nshots/Screenshot from 2024-10-25 10-08-18.png  used on input line 285.
(pdftex.def)             Requested size: 301.00192pt x 75.13617pt.


Package fancyhdr Warning: \headheight is too small (12.0pt): 
(fancyhdr)                Make it at least 14.49998pt, for example:
(fancyhdr)                \setlength{\headheight}{14.49998pt}.
(fancyhdr)                You might also make \topmargin smaller to compensate:

(fancyhdr)                \addtolength{\topmargin}{-2.49998pt}.

[7]

Package fancyhdr Warning: \headheight is too small (12.0pt): 
(fancyhdr)                Make it at least 14.49998pt, for example:
(fancyhdr)                \setlength{\headheight}{14.49998pt}.
(fancyhdr)                You might also make \topmargin smaller to compensate:

(fancyhdr)                \addtolength{\topmargin}{-2.49998pt}.

[8pdfTeX warning (ext4): destination with the same identifier (name{figure.13})
 has been already used, duplicate ignored
<argument> ...shipout:D \box_use:N \l_shipout_box 
                                                  \__shipout_drop_firstpage_...
l.307 	
       }pdfTeX warning (ext4): destination with the same identifier (name{figur
e.14}) has been already used, duplicate ignored
<argument> ...shipout:D \box_use:N \l_shipout_box 
                                                  \__shipout_drop_firstpage_...
l.307 	
       } <../../../../../../home/shafeenyousafzai/Pictures/Screenshots/Screensh
ot from 2024-10-25 10-08-12.png> <../../../../../../home/shafeenyousafzai/Pictu
res/Screenshots/Screenshot from 2024-10-25 10-08-18.png>]
<../../../../../../home/shafeenyousafzai/Pictures/Screenshots/Screenshot from 2
024-10-25 10-13-03.png, id=253, 1316.92pt x 371.3875pt>
File: ../../../../../../home/shafeenyousafzai/Pictures/Screenshots/Screenshot f
rom 2024-10-25 10-13-03.png Graphic file (type png)
<use ../../../../../../home/shafeenyousafzai/Pictures/Screenshots/Screenshot fr
om 2024-10-25 10-13-03.png>
Package pdftex.def Info: ../../../../../../home/shafeenyousafzai/Pictures/Scree
nshots/Screenshot from 2024-10-25 10-13-03.png  used on input line 314.
(pdftex.def)             Requested size: 301.00192pt x 84.88463pt.
<../../../../../../home/shafeenyousafzai/Pictures/Screenshots/Screenshot from 2
024-10-25 10-23-40.png, id=254, 730.73pt x 480.79625pt>
File: ../../../../../../home/shafeenyousafzai/Pictures/Screenshots/Screenshot f
rom 2024-10-25 10-23-40.png Graphic file (type png)
<use ../../../../../../home/shafeenyousafzai/Pictures/Screenshots/Screenshot fr
om 2024-10-25 10-23-40.png>
Package pdftex.def Info: ../../../../../../home/shafeenyousafzai/Pictures/Scree
nshots/Screenshot from 2024-10-25 10-23-40.png  used on input line 320.
(pdftex.def)             Requested size: 301.00192pt x 198.04477pt.


Package fancyhdr Warning: \headheight is too small (12.0pt): 
(fancyhdr)                Make it at least 14.49998pt, for example:
(fancyhdr)                \setlength{\headheight}{14.49998pt}.
(fancyhdr)                You might also make \topmargin smaller to compensate:

(fancyhdr)                \addtolength{\topmargin}{-2.49998pt}.

[9pdfTeX warning (ext4): destination with the same identifier (name{figure.15})
 has been already used, duplicate ignored
<argument> ...shipout:D \box_use:N \l_shipout_box 
                                                  \__shipout_drop_firstpage_...
l.326 \end{document}
                    pdfTeX warning (ext4): destination with the same identifier
 (name{figure.16}) has been already used, duplicate ignored
<argument> ...shipout:D \box_use:N \l_shipout_box 
                                                  \__shipout_drop_firstpage_...
l.326 \end{document}
                     <../../../../../../home/shafeenyousafzai/Pictures/Screensh
ots/Screenshot from 2024-10-25 10-13-03.png> <../../../../../../home/shafeenyou
safzai/Pictures/Screenshots/Screenshot from 2024-10-25 10-23-40.png>]
(./latex.aux)
Package rerunfilecheck Info: File `latex.out' has not changed.
(rerunfilecheck)             Checksum: 5F41DDAE65F990925FCB579DA2F7AF91;1984.
 ) 
Here is how much of TeX's memory you used:
 11728 strings out of 478287
 195003 string characters out of 5849288
 829238 words of memory out of 5000000
 29626 multiletter control sequences out of 15000+600000
 471713 words of font info for 37 fonts, out of 8000000 for 9000
 1141 hyphenation exceptions out of 8191
 60i,12n,63p,372b,1917s stack positions out of 5000i,500n,10000p,200000b,80000s
</usr/share/texlive/texmf-dist/fonts/type1/public/amsfonts/cm/cmbx12.pfb></us
r/share/texlive/texmf-dist/fonts/type1/public/amsfonts/cm/cmr12.pfb></usr/share
/texlive/texmf-dist/fonts/type1/public/amsfonts/cm/cmr6.pfb></usr/share/texlive
/texmf-dist/fonts/type1/public/amsfonts/cm/cmtt10.pfb>
Output written on latex.pdf (9 pages, 753438 bytes).
PDF statistics:
 323 PDF objects out of 1000 (max. 8388607)
 269 compressed objects within 3 object streams
 162 named destinations out of 1000 (max. 500000)
 177 words of extra memory for PDF output out of 10000 (max. 10000000)

